<?xml version="1.0" encoding="UTF-8"?>
<testsuite name="api.tests.GetUserTest" tests="1" skipped="0" failures="0" errors="0" timestamp="2025-08-01T06:52:51" hostname="LAPTOP-KNP6RUNT" time="1.111">
  <properties/>
  <testcase name="testGetUserId" classname="api.tests.GetUserTest" time="1.111"/>
  <system-out><![CDATA[{
    "id": "688884f2e181cd02e146628d",
    "firstName": "Yuliyani",
    "lastName": "Aprilyani",
    "email": "yuli.yani1753777394552@example.com",
    "registerDate": "2025-07-29T08:23:14.905Z",
    "updatedDate": "2025-07-29T08:23:14.905Z"
}
user updated Response: {
    "id": "688884f2e181cd02e146628d",
    "firstName": "Yuliyani",
    "lastName": "Aprilyani",
    "email": "yuli.yani1753777394552@example.com",
    "registerDate": "2025-07-29T08:23:14.905Z",
    "updatedDate": "2025-07-29T08:23:14.905Z"
}
]]></system-out>
  <system-err><![CDATA[]]></system-err>
</testsuite>
