<?xml version="1.0" encoding="UTF-8"?>
<testsuite name="api.tests.UpdateUserTest" tests="1" skipped="0" failures="0" errors="0" timestamp="2025-07-29T16:02:21" hostname="LAPTOP-KNP6RUNT" time="2.466">
  <properties/>
  <testcase name="updateUser" classname="api.tests.UpdateUserTest" time="2.466"/>
  <system-out><![CDATA[{
    "id": "6888bbdae181cd857f467528",
    "firstName": "Michael",
    "lastName": "Douglas",
    "email": "yuliyani1753791450408@example.com",
    "registerDate": "2025-07-29T12:17:30.555Z",
    "updatedDate": "2025-07-29T16:02:23.003Z"
}
user updated Response: {
    "id": "6888bbdae181cd857f467528",
    "firstName": "Michael",
    "lastName": "Douglas",
    "email": "yuliyani1753791450408@example.com",
    "registerDate": "2025-07-29T12:17:30.555Z",
    "updatedDate": "2025-07-29T16:02:23.003Z"
}
]]></system-out>
  <system-err><![CDATA[]]></system-err>
</testsuite>
