<?xml version="1.0" encoding="UTF-8"?>
<testsuite name="Dummy API" tests="4" skipped="0" failures="0" errors="0" timestamp="2025-07-30T16:35:20" hostname="LAPTOP-KNP6RUNT" time="8.899">
  <properties/>
  <testcase name="Create a new user" classname="Dummy API" time="2.382"/>
  <testcase name="Get user by ID" classname="Dummy API" time="0.869"/>
  <testcase name="Update the created user" classname="Dummy API" time="0.668"/>
  <testcase name="Delete user" classname="Dummy API" time="4.98"/>
  <system-out><![CDATA[
@api @api
Scenario: Create a new user                                                                       # src/test/resources/features/api/apitest.feature:4
[DEBUG] Request Body: {"firstName": "Yuliyani", "lastName": "Aprilyani", "email": "yuliyani.aprilyani1753893320934@example.com" }
[DEBUG] Response: {"id":"688a49c87393e0fbb5b48a4f","firstName":"Yuliyani","lastName":"Aprilyani","email":"yuliyani.aprilyani1753893320934@example.com","registerDate":"2025-07-30T16:35:20.738Z","updatedDate":"2025-07-30T16:35:20.738Z"}
[DEBUG] Status Code: 200
[CREATE] User ID Created: 688a49c87393e0fbb5b48a4f
  Given I have user details with first name "Yuliyani", last name "Aprilyani", and a unique email # api.steps.UserStepDefinitions.iHaveUserDetails(java.lang.String,java.lang.String)
[DEBUG] Create User Response: {"id":"688a49ca7393e0a6fdb48a52","firstName":"Bintang","lastName":"Bersinar","email":"bintang.1753893322420@example.com","registerDate":"2025-07-30T16:35:22.273Z","updatedDate":"2025-07-30T16:35:22.273Z"}
  When I send a request to create the user                                                        # api.steps.UserStepDefinitions.iSendARequestToCreateTheUser()
[SUCCESS] User Created with ID: 688a49ca7393e0a6fdb48a52
  Then the user should be created successfully                                                    # api.steps.UserStepDefinitions.theUserShouldBeCreatedSuccessfully()

@api @api
Scenario: Get user by ID                           # src/test/resources/features/api/apitest.feature:11
[CHECK] Current User ID: 688a49ca7393e0a6fdb48a52
  Given I have the saved user ID                   # api.steps.UserStepDefinitions.iHaveTheSavedUserID()
[GET] Request to: https://dummyapi.io/data/v1/user/688a49ca7393e0a6fdb48a52
  When I send a GET request to "/user/{id}"        # api.steps.UserStepDefinitions.iSendAGETRequestTo(java.lang.String)
  Then the response status should be 200           # api.steps.UserStepDefinitions.theResponseStatusShouldBe(int)
  And the response should contain the user details # api.steps.UserStepDefinitions.theResponseShouldContainTheUserDetails()

@api @api
Scenario: Update the created user                          # src/test/resources/features/api/apitest.feature:18
  Given I have a valid user ID                             # api.steps.UserStepDefinitions.i_have_valid_user_id()
  When I send a PUT request to update the user with:       # api.steps.UserStepDefinitions.i_send_put_request(io.cucumber.datatable.DataTable)
    | firstName | Michael                           |
    | lastName  | Douglas                           |
    | email     | yuliyani1753791450408@example.com |
  Then the response status code should be 200              # api.steps.UserStepDefinitions.verify_put_status_code()
  And the response should contain the updated user details # api.steps.UserStepDefinitions.verify_updated_user_details()

@api @api
Scenario: Delete user                          # src/test/resources/features/api/apitest.feature:28
[CHECK] Current User ID: 688a49ca7393e0a6fdb48a52
  Given I have the saved user ID               # api.steps.UserStepDefinitions.iHaveTheSavedUserID()
[DELETE] Request to: https://dummyapi.io/data/v1/user/688a49ca7393e0a6fdb48a52
[DEBUG] Delete Response: {"id":"688a49ca7393e0a6fdb48a52"}
  When I send a DELETE request to "/user/{id}" # api.steps.UserStepDefinitions.iSendADELETERequestTo(java.lang.String)
  Then the response status should be 200       # api.steps.UserStepDefinitions.theResponseStatusShouldBe(int)
[CHECK] User successfully deleted.
  And the user should no longer exist          # api.steps.UserStepDefinitions.theUserShouldNoLongerExist()
]]></system-out>
  <system-err><![CDATA[]]></system-err>
</testsuite>
