<?xml version="1.0" encoding="UTF-8"?>
<testsuite name="Login Functionality" tests="2" skipped="0" failures="0" errors="0" timestamp="2025-07-30T16:35:45" hostname="LAPTOP-KNP6RUNT" time="7.301">
  <properties/>
  <testcase name="Login with valid credentials" classname="Login Functionality" time="3.66"/>
  <testcase name="Login with invalid password" classname="Login Functionality" time="3.641"/>
  <system-out><![CDATA[
@web @login @positive
Scenario: Login with valid credentials                                  # src/test/resources/features/web/login.feature:5
  Given User is on the Saucedemo login page                             # web.steps.LoginSteps.user_is_on_login_page()
  When User enters username "standard_user" and password "secret_sauce" # web.steps.LoginSteps.user_enters_credentials(java.lang.String,java.lang.String)
  And User clicks the login button                                      # web.steps.LoginSteps.user_clicks_login_button()
  Then User should be redirected to the inventory page                  # web.steps.LoginSteps.user_should_see_inventory_page()

@web @login @negative
Scenario: Login with invalid password                                     # src/test/resources/features/web/login.feature:12
  Given User is on the Saucedemo login page                               # web.steps.LoginSteps.user_is_on_login_page()
  When User enters username "standard_user" and password "wrong_password" # web.steps.LoginSteps.user_enters_credentials(java.lang.String,java.lang.String)
  And User clicks the login button                                        # web.steps.LoginSteps.user_clicks_login_button()
  Then An error message should be displayed                               # web.steps.LoginSteps.error_message_should_be_displayed()
]]></system-out>
  <system-err><![CDATA[Jul 30, 2025 11:35:46 PM org.openqa.selenium.devtools.CdpVersionFinder findNearestMatch
WARNING: Unable to find CDP implementation matching 138
Jul 30, 2025 11:35:46 PM org.openqa.selenium.chromium.ChromiumDriver lambda$new$5
WARNING: Unable to find version of CDP to use for 138.0.7204.183. You may need to include a dependency on a specific version of the CDP using something similar to `org.seleniumhq.selenium:selenium-devtools-v86:4.11.0` where the version ("v86") matches the version of the chromium-based browser you're using and the version number of the artifact is the same as Selenium's.
Jul 30, 2025 11:35:49 PM org.openqa.selenium.devtools.CdpVersionFinder findNearestMatch
WARNING: Unable to find CDP implementation matching 138
Jul 30, 2025 11:35:49 PM org.openqa.selenium.chromium.ChromiumDriver lambda$new$5
WARNING: Unable to find version of CDP to use for 138.0.7204.183. You may need to include a dependency on a specific version of the CDP using something similar to `org.seleniumhq.selenium:selenium-devtools-v86:4.11.0` where the version ("v86") matches the version of the chromium-based browser you're using and the version number of the artifact is the same as Selenium's.
]]></system-err>
</testsuite>
